2024-03-04 16:06:23,933 ERROR [JavaFX Application Thread] c.GuiMain [GuiMain.java:29] Erreur lors du chargement de l'interface utilisateur
java.lang.IllegalStateException: Location is not set.
	at javafx.fxml@21.0.2/javafx.fxml.FXMLLoader.loadImpl(FXMLLoader.java:2556)
	at javafx.fxml@21.0.2/javafx.fxml.FXMLLoader.load(FXMLLoader.java:2531)
	at calculator.GuiMain.start(GuiMain.java:21)
	at javafx.graphics@21.0.2/com.sun.javafx.application.LauncherImpl.lambda$launchApplication1$9(LauncherImpl.java:839)
	at javafx.graphics@21.0.2/com.sun.javafx.application.PlatformImpl.lambda$runAndWait$12(PlatformImpl.java:483)
	at javafx.graphics@21.0.2/com.sun.javafx.application.PlatformImpl.lambda$runLater$10(PlatformImpl.java:456)
	at java.base/java.security.AccessController.doPrivileged(AccessController.java:400)
	at javafx.graphics@21.0.2/com.sun.javafx.application.PlatformImpl.lambda$runLater$11(PlatformImpl.java:455)
	at javafx.graphics@21.0.2/com.sun.glass.ui.InvokeLaterDispatcher$Future.run(InvokeLaterDispatcher.java:95)
2024-03-04 16:07:37,073 ERROR [JavaFX Application Thread] c.GuiMain [GuiMain.java:29] Erreur lors du chargement de l'interface utilisateur
java.lang.IllegalStateException: Location is not set.
	at javafx.fxml@21.0.2/javafx.fxml.FXMLLoader.loadImpl(FXMLLoader.java:2556)
	at javafx.fxml@21.0.2/javafx.fxml.FXMLLoader.load(FXMLLoader.java:2531)
	at calculator.GuiMain.start(GuiMain.java:21)
	at javafx.graphics@21.0.2/com.sun.javafx.application.LauncherImpl.lambda$launchApplication1$9(LauncherImpl.java:839)
	at javafx.graphics@21.0.2/com.sun.javafx.application.PlatformImpl.lambda$runAndWait$12(PlatformImpl.java:483)
	at javafx.graphics@21.0.2/com.sun.javafx.application.PlatformImpl.lambda$runLater$10(PlatformImpl.java:456)
	at java.base/java.security.AccessController.doPrivileged(AccessController.java:400)
	at javafx.graphics@21.0.2/com.sun.javafx.application.PlatformImpl.lambda$runLater$11(PlatformImpl.java:455)
	at javafx.graphics@21.0.2/com.sun.glass.ui.InvokeLaterDispatcher$Future.run(InvokeLaterDispatcher.java:95)
2024-03-04 16:07:58,638 ERROR [JavaFX Application Thread] c.GuiMain [GuiMain.java:29] Erreur lors du chargement de l'interface utilisateur
java.lang.IllegalStateException: Location is not set.
	at javafx.fxml@21.0.2/javafx.fxml.FXMLLoader.loadImpl(FXMLLoader.java:2556)
	at javafx.fxml@21.0.2/javafx.fxml.FXMLLoader.load(FXMLLoader.java:2531)
	at calculator.GuiMain.start(GuiMain.java:21)
	at javafx.graphics@21.0.2/com.sun.javafx.application.LauncherImpl.lambda$launchApplication1$9(LauncherImpl.java:839)
	at javafx.graphics@21.0.2/com.sun.javafx.application.PlatformImpl.lambda$runAndWait$12(PlatformImpl.java:483)
	at javafx.graphics@21.0.2/com.sun.javafx.application.PlatformImpl.lambda$runLater$10(PlatformImpl.java:456)
	at java.base/java.security.AccessController.doPrivileged(AccessController.java:400)
	at javafx.graphics@21.0.2/com.sun.javafx.application.PlatformImpl.lambda$runLater$11(PlatformImpl.java:455)
	at javafx.graphics@21.0.2/com.sun.glass.ui.InvokeLaterDispatcher$Future.run(InvokeLaterDispatcher.java:95)
2024-03-04 16:09:14,064 ERROR [JavaFX Application Thread] c.GuiMain [GuiMain.java:29] Erreur lors du chargement de l'interface utilisateur
java.lang.IllegalStateException: Location is not set.
	at javafx.fxml@21.0.2/javafx.fxml.FXMLLoader.loadImpl(FXMLLoader.java:2556)
	at javafx.fxml@21.0.2/javafx.fxml.FXMLLoader.load(FXMLLoader.java:2531)
	at calculator.GuiMain.start(GuiMain.java:21)
	at javafx.graphics@21.0.2/com.sun.javafx.application.LauncherImpl.lambda$launchApplication1$9(LauncherImpl.java:839)
	at javafx.graphics@21.0.2/com.sun.javafx.application.PlatformImpl.lambda$runAndWait$12(PlatformImpl.java:483)
	at javafx.graphics@21.0.2/com.sun.javafx.application.PlatformImpl.lambda$runLater$10(PlatformImpl.java:456)
	at java.base/java.security.AccessController.doPrivileged(AccessController.java:400)
	at javafx.graphics@21.0.2/com.sun.javafx.application.PlatformImpl.lambda$runLater$11(PlatformImpl.java:455)
	at javafx.graphics@21.0.2/com.sun.glass.ui.InvokeLaterDispatcher$Future.run(InvokeLaterDispatcher.java:95)
2024-03-04 16:09:36,214 ERROR [JavaFX Application Thread] c.GuiMain [GuiMain.java:29] Erreur lors du chargement de l'interface utilisateur
java.lang.IllegalStateException: Location is not set.
	at javafx.fxml@21.0.2/javafx.fxml.FXMLLoader.loadImpl(FXMLLoader.java:2556)
	at javafx.fxml@21.0.2/javafx.fxml.FXMLLoader.load(FXMLLoader.java:2531)
	at calculator.GuiMain.start(GuiMain.java:21)
	at javafx.graphics@21.0.2/com.sun.javafx.application.LauncherImpl.lambda$launchApplication1$9(LauncherImpl.java:839)
	at javafx.graphics@21.0.2/com.sun.javafx.application.PlatformImpl.lambda$runAndWait$12(PlatformImpl.java:483)
	at javafx.graphics@21.0.2/com.sun.javafx.application.PlatformImpl.lambda$runLater$10(PlatformImpl.java:456)
	at java.base/java.security.AccessController.doPrivileged(AccessController.java:400)
	at javafx.graphics@21.0.2/com.sun.javafx.application.PlatformImpl.lambda$runLater$11(PlatformImpl.java:455)
	at javafx.graphics@21.0.2/com.sun.glass.ui.InvokeLaterDispatcher$Future.run(InvokeLaterDispatcher.java:95)
2024-03-04 16:41:00,877 ERROR [JavaFX Application Thread] c.GuiMain [GuiMain.java:29] Erreur lors du chargement de l'interface utilisateur
javafx.fxml.LoadException: Error resolving onAction='#onClear', either the event handler is not in the Namespace or there is an error in the script.
/Users/romeoibraimovski/Library/Mobile%20Documents/com~apple~CloudDocs/Codespace/Java%20Codespace/calculator-cucumber-2024/target/classes/fxml/GuiMainView.fxml:38

	at javafx.fxml@21.0.2/javafx.fxml.FXMLLoader.constructLoadException(FXMLLoader.java:2718)
	at javafx.fxml@21.0.2/javafx.fxml.FXMLLoader$Element.processEventHandlerAttributes(FXMLLoader.java:623)
	at javafx.fxml@21.0.2/javafx.fxml.FXMLLoader$ValueElement.processEndElement(FXMLLoader.java:783)
	at javafx.fxml@21.0.2/javafx.fxml.FXMLLoader.processEndElement(FXMLLoader.java:2969)
	at javafx.fxml@21.0.2/javafx.fxml.FXMLLoader.loadImpl(FXMLLoader.java:2654)
	at javafx.fxml@21.0.2/javafx.fxml.FXMLLoader.loadImpl(FXMLLoader.java:2563)
	at javafx.fxml@21.0.2/javafx.fxml.FXMLLoader.load(FXMLLoader.java:2531)
	at calculator.GuiMain.start(GuiMain.java:21)
	at javafx.graphics@21.0.2/com.sun.javafx.application.LauncherImpl.lambda$launchApplication1$9(LauncherImpl.java:839)
	at javafx.graphics@21.0.2/com.sun.javafx.application.PlatformImpl.lambda$runAndWait$12(PlatformImpl.java:483)
	at javafx.graphics@21.0.2/com.sun.javafx.application.PlatformImpl.lambda$runLater$10(PlatformImpl.java:456)
	at java.base/java.security.AccessController.doPrivileged(AccessController.java:400)
	at javafx.graphics@21.0.2/com.sun.javafx.application.PlatformImpl.lambda$runLater$11(PlatformImpl.java:455)
	at javafx.graphics@21.0.2/com.sun.glass.ui.InvokeLaterDispatcher$Future.run(InvokeLaterDispatcher.java:95)
2024-03-04 16:41:22,374 ERROR [JavaFX Application Thread] c.GuiMain [GuiMain.java:29] Erreur lors du chargement de l'interface utilisateur
javafx.fxml.LoadException: Error resolving onAction='#onClear', either the event handler is not in the Namespace or there is an error in the script.
/Users/romeoibraimovski/Library/Mobile%20Documents/com~apple~CloudDocs/Codespace/Java%20Codespace/calculator-cucumber-2024/target/classes/fxml/GuiMainView.fxml:38

	at javafx.fxml@21.0.2/javafx.fxml.FXMLLoader.constructLoadException(FXMLLoader.java:2718)
	at javafx.fxml@21.0.2/javafx.fxml.FXMLLoader$Element.processEventHandlerAttributes(FXMLLoader.java:623)
	at javafx.fxml@21.0.2/javafx.fxml.FXMLLoader$ValueElement.processEndElement(FXMLLoader.java:783)
	at javafx.fxml@21.0.2/javafx.fxml.FXMLLoader.processEndElement(FXMLLoader.java:2969)
	at javafx.fxml@21.0.2/javafx.fxml.FXMLLoader.loadImpl(FXMLLoader.java:2654)
	at javafx.fxml@21.0.2/javafx.fxml.FXMLLoader.loadImpl(FXMLLoader.java:2563)
	at javafx.fxml@21.0.2/javafx.fxml.FXMLLoader.load(FXMLLoader.java:2531)
	at calculator.GuiMain.start(GuiMain.java:21)
	at javafx.graphics@21.0.2/com.sun.javafx.application.LauncherImpl.lambda$launchApplication1$9(LauncherImpl.java:839)
	at javafx.graphics@21.0.2/com.sun.javafx.application.PlatformImpl.lambda$runAndWait$12(PlatformImpl.java:483)
	at javafx.graphics@21.0.2/com.sun.javafx.application.PlatformImpl.lambda$runLater$10(PlatformImpl.java:456)
	at java.base/java.security.AccessController.doPrivileged(AccessController.java:400)
	at javafx.graphics@21.0.2/com.sun.javafx.application.PlatformImpl.lambda$runLater$11(PlatformImpl.java:455)
	at javafx.graphics@21.0.2/com.sun.glass.ui.InvokeLaterDispatcher$Future.run(InvokeLaterDispatcher.java:95)
